<?xml version="1.0" encoding="UTF-8"?>
<!-- Generated by org.testng.reporters.JUnitXMLReporter -->
<testsuite hostname="DESKTOP-7ERSG99" ignored="0" name=" CRUD operations Regression Tests " tests="6" failures="0" timestamp="16 Jul 2019 05:59:17 GMT" time="18.733" errors="0">
  <testcase name="checkAddComputerPageLoaded" time="1.071" classname="testautomation.RegressionTests"/>
  <testcase name="checkAddComputerPageElements" time="1.173" classname="testautomation.RegressionTests"/>
  <testcase name="verifyAddComputerDetails" time="3.691" classname="testautomation.RegressionTests"/>
  <testcase name="filterComputerName" time="5.898" classname="testautomation.RegressionTests"/>
  <testcase name="updateRecord" time="3.681" classname="testautomation.RegressionTests"/>
  <testcase name="deleteComputer" time="1.711" classname="testautomation.RegressionTests"/>
</testsuite> <!--  CRUD operations Regression Tests  -->
